[2025-05-11 05:14:30] local.DEBUG: array (
  'Ilham Mubara' => 
  array (
    'progress' => 0,
    'diterima' => 0,
    'dilaporkan' => 0,
    'ditolak' => 2,
  ),
  'user satu' => 
  array (
    'progress' => 0,
    'diterima' => 0,
    'dilaporkan' => 0,
    'ditolak' => 2,
  ),
  'user2' => 
  array (
    'progress' => 0,
    'diterima' => 2,
    'dilaporkan' => 0,
    'ditolak' => 0,
  ),
  'user 3' => 
  array (
    'progress' => 0,
    'diterima' => 1,
    'dilaporkan' => 0,
    'ditolak' => 0,
  ),
)  
[2025-05-11 15:55:56] local.ERROR: Uncaught ReflectionException: Class "App\Http\Middleware\CheckRole" does not exist in Command line code:1
Stack trace:
#0 Command line code(1): ReflectionMethod->__construct('App\\Http\\Middle...', 'handle')
#1 {main}
  thrown {"exception":"[object] (Symfony\\Component\\ErrorHandler\\Error\\FatalError(code: 0): Uncaught ReflectionException: Class \"App\\Http\\Middleware\\CheckRole\" does not exist in Command line code:1
Stack trace:
#0 Command line code(1): ReflectionMethod->__construct('App\\\\Http\\\\Middle...', 'handle')
#1 {main}
  thrown at Command line code:1)
[stacktrace]
#0 {main}
"} 
